0 info it worked if it ends with ok
1 verbose cli [ 'C:\\Program Files\\nodejs\\node.exe',
1 verbose cli   'C:\\Program Files\\nodejs\\node_modules\\npm\\bin\\npm-cli.js',
1 verbose cli   'start' ]
2 info using npm@3.10.10
3 info using node@v6.11.4
4 verbose run-script [ 'prestart', 'start', 'poststart' ]
5 info lifecycle minimal-react-starter@0.1.0~prestart: minimal-react-starter@0.1.0
6 silly lifecycle minimal-react-starter@0.1.0~prestart: no script for prestart, continuing
7 info lifecycle minimal-react-starter@0.1.0~start: minimal-react-starter@0.1.0
8 verbose lifecycle minimal-react-starter@0.1.0~start: unsafe-perm in lifecycle true
9 verbose lifecycle minimal-react-starter@0.1.0~start: PATH: C:\Program Files\nodejs\node_modules\npm\bin\node-gyp-bin;C:\Users\KeViN\Desktop\minimal-webpack\Minimal-Webpack-HMR\node_modules\.bin;C:\1. Program Files Installed ByMe\cmder\bin;C:\1. Program Files Installed ByMe\Ruby24-x64\bin;C:\ImageMagick-7.0.7-Q16;C:\1. Program Files Installed ByMe\Python3.6.3\Scripts\;C:\1. Program Files Installed ByMe\Python3.6.3\;C:\ProgramData\Oracle\Java\javapath;C:\Program Files (x86)\Intel\iCLS Client\;C:\Program Files\Intel\iCLS Client\;C:\Windows\system32;C:\Windows;C:\Windows\System32\Wbem;C:\Windows\System32\WindowsPowerShell\v1.0\;C:\Program Files\Intel\Intel(R) Management Engine Components\DAL;C:\Program Files (x86)\Intel\Intel(R) Management Engine Components\DAL;C:\Program Files\Intel\Intel(R) Management Engine Components\IPT;C:\Program Files (x86)\Intel\Intel(R) Management Engine Components\IPT;C:\Program Files (x86)\NVIDIA Corporation\PhysX\Common;C:\Program Files (x86)\Skype\Phone\;C:\Program Files\nodejs\;C:\Program Files\Git\cmd;C:\1. Program Files Installed ByMe\PuTTY\;C:\1. Program Files Installed ByMe\Yarn\bin;C:\Users\KeViN\AppData\Roaming\npm;C:\Users\KeViN\AppData\Local\GitHubDesktop\bin;C:\1. Program Files Installed ByMe\Heroku\bin;C:\Users\KeViN\AppData\Local\atom\bin;C:\1. Program Files Installed ByMe\Microsoft VS Code\bin;C:\1. Program Files Installed ByMe\Nanobox;C:\Users\KeViN\AppData\Local\Yarn\bin;C:\Users\KeViN\AppData\Local\now-cli;C:\Program Files\Git\usr\bin;C:\Program Files\Git\usr\share\vim\vim74;C:\1. Program Files Installed ByMe\cmder\
10 verbose lifecycle minimal-react-starter@0.1.0~start: CWD: C:\Users\KeViN\Desktop\minimal-webpack\Minimal-Webpack-HMR
11 silly lifecycle minimal-react-starter@0.1.0~start: Args: [ '/d /s /c', 'node server.js' ]
12 silly lifecycle minimal-react-starter@0.1.0~start: Returned: code: 1  signal: null
13 info lifecycle minimal-react-starter@0.1.0~start: Failed to exec start script
14 verbose stack Error: minimal-react-starter@0.1.0 start: `node server.js`
14 verbose stack Exit status 1
14 verbose stack     at EventEmitter.<anonymous> (C:\Program Files\nodejs\node_modules\npm\lib\utils\lifecycle.js:255:16)
14 verbose stack     at emitTwo (events.js:106:13)
14 verbose stack     at EventEmitter.emit (events.js:191:7)
14 verbose stack     at ChildProcess.<anonymous> (C:\Program Files\nodejs\node_modules\npm\lib\utils\spawn.js:40:14)
14 verbose stack     at emitTwo (events.js:106:13)
14 verbose stack     at ChildProcess.emit (events.js:191:7)
14 verbose stack     at maybeClose (internal/child_process.js:920:16)
14 verbose stack     at Process.ChildProcess._handle.onexit (internal/child_process.js:230:5)
15 verbose pkgid minimal-react-starter@0.1.0
16 verbose cwd C:\Users\KeViN\Desktop\minimal-webpack\Minimal-Webpack-HMR
17 error Windows_NT 6.1.7601
18 error argv "C:\\Program Files\\nodejs\\node.exe" "C:\\Program Files\\nodejs\\node_modules\\npm\\bin\\npm-cli.js" "start"
19 error node v6.11.4
20 error npm  v3.10.10
21 error code ELIFECYCLE
22 error minimal-react-starter@0.1.0 start: `node server.js`
22 error Exit status 1
23 error Failed at the minimal-react-starter@0.1.0 start script 'node server.js'.
23 error Make sure you have the latest version of node.js and npm installed.
23 error If you do, this is most likely a problem with the minimal-react-starter package,
23 error not with npm itself.
23 error Tell the author that this fails on your system:
23 error     node server.js
23 error You can get information on how to open an issue for this project with:
23 error     npm bugs minimal-react-starter
23 error Or if that isn't available, you can get their info via:
23 error     npm owner ls minimal-react-starter
23 error There is likely additional logging output above.
24 verbose exit [ 1, true ]
